<?xml version="1.0" encoding="UTF-8"?>
<testsuite name="ru.nsu.kutsenko.task211.ParallPrimeCheckThreadTest" tests="47" skipped="0" failures="0" errors="0" timestamp="2026-02-12T09:50:15.326Z" hostname="ARTEMIUS951" time="2.175">
  <properties/>
  <testcase name="testEmptyArrayReturnsFalse()" classname="ru.nsu.kutsenko.task211.ParallPrimeCheckThreadTest" time="0.023"/>
  <testcase name="testSingleNonPrimeReturnsTrue()" classname="ru.nsu.kutsenko.task211.ParallPrimeCheckThreadTest" time="0.004"/>
  <testcase name="testInterleavedPrimesAndNonPrimes()" classname="ru.nsu.kutsenko.task211.ParallPrimeCheckThreadTest" time="0.002"/>
  <testcase name="testSinglePrimeReturnsFalse()" classname="ru.nsu.kutsenko.task211.ParallPrimeCheckThreadTest" time="0.001"/>
  <testcase name="testLargePrimesArrayReturnsFalse()" classname="ru.nsu.kutsenko.task211.ParallPrimeCheckThreadTest" time="0.003"/>
  <testcase name="testArrayWithZeroReturnsTrue()" classname="ru.nsu.kutsenko.task211.ParallPrimeCheckThreadTest" time="0.002"/>
  <testcase name="[1] 1" classname="ru.nsu.kutsenko.task211.ParallPrimeCheckThreadTest" time="0.023"/>
  <testcase name="[2] 2" classname="ru.nsu.kutsenko.task211.ParallPrimeCheckThreadTest" time="0.002"/>
  <testcase name="[3] 3" classname="ru.nsu.kutsenko.task211.ParallPrimeCheckThreadTest" time="0.002"/>
  <testcase name="[4] 4" classname="ru.nsu.kutsenko.task211.ParallPrimeCheckThreadTest" time="0.002"/>
  <testcase name="[5] 5" classname="ru.nsu.kutsenko.task211.ParallPrimeCheckThreadTest" time="0.002"/>
  <testcase name="[6] 6" classname="ru.nsu.kutsenko.task211.ParallPrimeCheckThreadTest" time="0.002"/>
  <testcase name="[7] 7" classname="ru.nsu.kutsenko.task211.ParallPrimeCheckThreadTest" time="0.001"/>
  <testcase name="[8] 8" classname="ru.nsu.kutsenko.task211.ParallPrimeCheckThreadTest" time="0.001"/>
  <testcase name="[9] 16" classname="ru.nsu.kutsenko.task211.ParallPrimeCheckThreadTest" time="0.002"/>
  <testcase name="[10] 32" classname="ru.nsu.kutsenko.task211.ParallPrimeCheckThreadTest" time="0.002"/>
  <testcase name="testAllNonPrimesReturnsTrue()" classname="ru.nsu.kutsenko.task211.ParallPrimeCheckThreadTest" time="0.002"/>
  <testcase name="testThreadCountGreaterThanArrayLength()" classname="ru.nsu.kutsenko.task211.ParallPrimeCheckThreadTest" time="0.002"/>
  <testcase name="[1] 1" classname="ru.nsu.kutsenko.task211.ParallPrimeCheckThreadTest" time="0.001"/>
  <testcase name="[2] 2" classname="ru.nsu.kutsenko.task211.ParallPrimeCheckThreadTest" time="0.001"/>
  <testcase name="[3] 3" classname="ru.nsu.kutsenko.task211.ParallPrimeCheckThreadTest" time="0.001"/>
  <testcase name="[4] 4" classname="ru.nsu.kutsenko.task211.ParallPrimeCheckThreadTest" time="0.001"/>
  <testcase name="[5] 5" classname="ru.nsu.kutsenko.task211.ParallPrimeCheckThreadTest" time="0.002"/>
  <testcase name="[6] 6" classname="ru.nsu.kutsenko.task211.ParallPrimeCheckThreadTest" time="0.002"/>
  <testcase name="[7] 7" classname="ru.nsu.kutsenko.task211.ParallPrimeCheckThreadTest" time="0.001"/>
  <testcase name="[8] 8" classname="ru.nsu.kutsenko.task211.ParallPrimeCheckThreadTest" time="0.002"/>
  <testcase name="[9] 16" classname="ru.nsu.kutsenko.task211.ParallPrimeCheckThreadTest" time="0.002"/>
  <testcase name="[10] 32" classname="ru.nsu.kutsenko.task211.ParallPrimeCheckThreadTest" time="0.003"/>
  <testcase name="testArrayWithAllSameNonPrime()" classname="ru.nsu.kutsenko.task211.ParallPrimeCheckThreadTest" time="0.001"/>
  <testcase name="testMoreThreadsThanElements()" classname="ru.nsu.kutsenko.task211.ParallPrimeCheckThreadTest" time="0.002"/>
  <testcase name="testNonPrimeInLastChunk()" classname="ru.nsu.kutsenko.task211.ParallPrimeCheckThreadTest" time="0.001"/>
  <testcase name="testThreadCountNegative()" classname="ru.nsu.kutsenko.task211.ParallPrimeCheckThreadTest" time="0.001"/>
  <testcase name="testVeryLargeArrayWithNonPrimeAtEnd()" classname="ru.nsu.kutsenko.task211.ParallPrimeCheckThreadTest" time="0.497"/>
  <testcase name="testMultipleNonPrimes()" classname="ru.nsu.kutsenko.task211.ParallPrimeCheckThreadTest" time="0.001"/>
  <testcase name="testVeryLargeArrayWithNonPrimeInMiddle()" classname="ru.nsu.kutsenko.task211.ParallPrimeCheckThreadTest" time="0.476"/>
  <testcase name="testAllPrimesReturnsFalse()" classname="ru.nsu.kutsenko.task211.ParallPrimeCheckThreadTest" time="0.001"/>
  <testcase name="testNonPrimeInFirstChunk()" classname="ru.nsu.kutsenko.task211.ParallPrimeCheckThreadTest" time="0.001"/>
  <testcase name="testArraySizeNotDivisibleByThreadCount()" classname="ru.nsu.kutsenko.task211.ParallPrimeCheckThreadTest" time="0.0"/>
  <testcase name="testVeryLargeArrayAllPrimes()" classname="ru.nsu.kutsenko.task211.ParallPrimeCheckThreadTest" time="0.508"/>
  <testcase name="testNonPrimeInMiddleChunk()" classname="ru.nsu.kutsenko.task211.ParallPrimeCheckThreadTest" time="0.001"/>
  <testcase name="testThreadCountZero()" classname="ru.nsu.kutsenko.task211.ParallPrimeCheckThreadTest" time="0.002"/>
  <testcase name="testVeryLargeArrayWithNonPrimeAtBeginning()" classname="ru.nsu.kutsenko.task211.ParallPrimeCheckThreadTest" time="0.493"/>
  <testcase name="testArrayWithNegativeReturnsTrue()" classname="ru.nsu.kutsenko.task211.ParallPrimeCheckThreadTest" time="0.002"/>
  <testcase name="testArrayWithAllSameLargePrime()" classname="ru.nsu.kutsenko.task211.ParallPrimeCheckThreadTest" time="0.012"/>
  <testcase name="testOneNonPrimeReturnsTrue()" classname="ru.nsu.kutsenko.task211.ParallPrimeCheckThreadTest" time="0.0"/>
  <testcase name="testArrayWithOneReturnsTrue()" classname="ru.nsu.kutsenko.task211.ParallPrimeCheckThreadTest" time="0.001"/>
  <testcase name="testArraySizeExactlyDivisibleByThreadCount()" classname="ru.nsu.kutsenko.task211.ParallPrimeCheckThreadTest" time="0.002"/>
  <system-out><![CDATA[]]></system-out>
  <system-err><![CDATA[]]></system-err>
</testsuite>
