<?xml version="1.0" encoding="UTF-8"?>
<testsuite name="ru.nsu.kutsenko.task221.PizzeriaTest" tests="1" skipped="0" failures="0" errors="0" timestamp="2026-03-06T13:26:30.461Z" hostname="ARTEMIUS951" time="16.842">
  <properties/>
  <testcase name="mainRunsWithRandomArgs()" classname="ru.nsu.kutsenko.task221.PizzeriaTest" time="16.842"/>
  <system-out><![CDATA[[orderId=1] [NEW]
[orderId=1] [COOKING]
[orderId=2] [NEW]
[orderId=2] [COOKING]
[orderId=3] [NEW]
[orderId=3] [COOKING]
[orderId=4] [NEW]
[orderId=5] [NEW]
[orderId=6] [NEW]
[orderId=7] [NEW]
[orderId=8] [NEW]
[orderId=1] [READY]
[orderId=1] [DELIVERING]
[orderId=4] [COOKING]
[orderId=9] [NEW]
[orderId=2] [READY]
[orderId=5] [COOKING]
[orderId=2] [DELIVERING]
[orderId=10] [NEW]
[orderId=3] [READY]
[orderId=6] [COOKING]
[orderId=11] [NEW]
[orderId=12] [NEW]
[orderId=13] [NEW]
[orderId=14] [NEW]
[orderId=15] [NEW]
[orderId=4] [READY]
[orderId=7] [COOKING]
[orderId=16] [NEW]
[orderId=5] [READY]
[orderId=8] [COOKING]
[orderId=17] [NEW]
[orderId=6] [READY]
[orderId=9] [COOKING]
[orderId=18] [NEW]
[orderId=19] [NEW]
[orderId=20] [NEW]
[orderId=21] [NEW]
[orderId=22] [NEW]
[orderId=23] [NEW]
[orderId=1] [DELIVERED]
[orderId=3] [DELIVERING]
[orderId=4] [DELIVERING]
[orderId=5] [DELIVERING]
[orderId=6] [DELIVERING]
[orderId=7] [READY]
[orderId=10] [COOKING]
[orderId=24] [NEW]
[orderId=8] [READY]
[orderId=2] [DELIVERED]
[orderId=7] [DELIVERING]
[orderId=11] [COOKING]
[orderId=8] [DELIVERING]
[orderId=25] [NEW]
[orderId=9] [READY]
[orderId=12] [COOKING]
[orderId=10] [READY]
[orderId=13] [COOKING]
[orderId=11] [READY]
[orderId=14] [COOKING]
[orderId=12] [READY]
[orderId=15] [COOKING]
[orderId=3] [DELIVERED]
[orderId=4] [DELIVERED]
[orderId=5] [DELIVERED]
[orderId=6] [DELIVERED]
[orderId=9] [DELIVERING]
[orderId=10] [DELIVERING]
[orderId=11] [DELIVERING]
[orderId=12] [DELIVERING]
[orderId=13] [READY]
[orderId=16] [COOKING]
[orderId=7] [DELIVERED]
[orderId=8] [DELIVERED]
[orderId=13] [DELIVERING]
[orderId=14] [READY]
[orderId=17] [COOKING]
[orderId=15] [READY]
[orderId=18] [COOKING]
[orderId=16] [READY]
[orderId=19] [COOKING]
[orderId=17] [READY]
[orderId=20] [COOKING]
[orderId=18] [READY]
[orderId=21] [COOKING]
[orderId=9] [DELIVERED]
[orderId=10] [DELIVERED]
[orderId=11] [DELIVERED]
[orderId=12] [DELIVERED]
[orderId=14] [DELIVERING]
[orderId=15] [DELIVERING]
[orderId=16] [DELIVERING]
[orderId=17] [DELIVERING]
[orderId=19] [READY]
[orderId=22] [COOKING]
[orderId=13] [DELIVERED]
[orderId=18] [DELIVERING]
[orderId=19] [DELIVERING]
[orderId=20] [READY]
[orderId=23] [COOKING]
[orderId=21] [READY]
[orderId=24] [COOKING]
[orderId=22] [READY]
[orderId=25] [COOKING]
[orderId=23] [READY]
[orderId=24] [READY]
[orderId=14] [DELIVERED]
[orderId=15] [DELIVERED]
[orderId=16] [DELIVERED]
[orderId=17] [DELIVERED]
[orderId=20] [DELIVERING]
[orderId=21] [DELIVERING]
[orderId=22] [DELIVERING]
[orderId=23] [DELIVERING]
[orderId=25] [READY]
[orderId=18] [DELIVERED]
[orderId=19] [DELIVERED]
[orderId=24] [DELIVERING]
[orderId=25] [DELIVERING]
[orderId=20] [DELIVERED]
[orderId=21] [DELIVERED]
[orderId=22] [DELIVERED]
[orderId=23] [DELIVERED]
[orderId=24] [DELIVERED]
[orderId=25] [DELIVERED]
]]></system-out>
  <system-err><![CDATA[]]></system-err>
</testsuite>
